<?xml version="1.0" encoding="UTF-8"?>
<testsuite xmlns:xsi="http://www.w3.org/2001/XMLSchema-instance" xsi:noNamespaceSchemaLocation="https://maven.apache.org/surefire/maven-surefire-plugin/xsd/surefire-test-report-3.0.xsd" version="3.0" name="com.backend.prueba.PruebaApplicationTests" time="5.01" tests="1" errors="0" skipped="0" failures="0">
  <properties>
[...]
</properties>
  <testcase name="contextLoads" classname="com.backend.prueba.PruebaApplicationTests" time="0.712">
    <system-out><![CDATA[17:09:41.679 [main] INFO org.springframework.test.context.support.AnnotationConfigContextLoaderUtils -- Could not detect default configuration classes for test class [com.backend.prueba.PruebaApplicationTests]: PruebaApplicationTests does not declare any static, non-private, non-final, nested classes annotated with @Configuration.
17:09:41.773 [main] INFO org.springframework.boot.test.context.SpringBootTestContextBootstrapper -- Found @SpringBootConfiguration com.backend.prueba.PruebaApplication for test class com.backend.prueba.PruebaApplicationTests

  .   ____          _            __ _ _
 /\\ / ___'_ __ _ _(_)_ __  __ _ \ \ \ \
( ( )\___ | '_ | '_| | '_ \/ _` | \ \ \ \
 \\/  ___)| |_)| | | | | || (_| |  ) ) ) )
  '  |____| .__|_| |_|_| |_\__, | / / / /
 =========|_|==============|___/=/_/_/_/
 :: Spring Boot ::                (v3.1.1)

2023-07-06T17:09:42.186-05:00  INFO 1776 --- [           main] c.backend.prueba.PruebaApplicationTests  : Starting PruebaApplicationTests using Java 17.0.2 with PID 1776 (started by bavila in C:\Users\bavila\Desktop\Desafio tecnico\prueba)
2023-07-06T17:09:42.188-05:00  INFO 1776 --- [           main] c.backend.prueba.PruebaApplicationTests  : No active profile set, falling back to 1 default profile: "default"
2023-07-06T17:09:42.802-05:00  INFO 1776 --- [           main] .s.d.r.c.RepositoryConfigurationDelegate : Bootstrapping Spring Data JPA repositories in DEFAULT mode.
2023-07-06T17:09:42.868-05:00  INFO 1776 --- [           main] .s.d.r.c.RepositoryConfigurationDelegate : Finished Spring Data repository scanning in 56 ms. Found 1 JPA repository interfaces.
2023-07-06T17:09:43.213-05:00  INFO 1776 --- [           main] com.zaxxer.hikari.HikariDataSource       : HikariPool-1 - Starting...
2023-07-06T17:09:43.394-05:00  INFO 1776 --- [           main] com.zaxxer.hikari.pool.HikariPool        : HikariPool-1 - Added connection conn0: url=jdbc:h2:mem:testdb user=SA
2023-07-06T17:09:43.395-05:00  INFO 1776 --- [           main] com.zaxxer.hikari.HikariDataSource       : HikariPool-1 - Start completed.
2023-07-06T17:09:43.437-05:00  INFO 1776 --- [           main] o.hibernate.jpa.internal.util.LogHelper  : HHH000204: Processing PersistenceUnitInfo [name: default]
2023-07-06T17:09:43.480-05:00  INFO 1776 --- [           main] org.hibernate.Version                    : HHH000412: Hibernate ORM core version 6.2.5.Final
2023-07-06T17:09:43.482-05:00  INFO 1776 --- [           main] org.hibernate.cfg.Environment            : HHH000406: Using bytecode reflection optimizer
2023-07-06T17:09:43.694-05:00  INFO 1776 --- [           main] o.h.b.i.BytecodeProviderInitiator        : HHH000021: Bytecode provider name : bytebuddy
2023-07-06T17:09:43.834-05:00  INFO 1776 --- [           main] o.s.o.j.p.SpringPersistenceUnitInfo      : No LoadTimeWeaver setup: ignoring JPA class transformer
2023-07-06T17:09:44.039-05:00  INFO 1776 --- [           main] o.h.b.i.BytecodeProviderInitiator        : HHH000021: Bytecode provider name : bytebuddy
2023-07-06T17:09:44.536-05:00  INFO 1776 --- [           main] o.h.e.t.j.p.i.JtaPlatformInitiator       : HHH000490: Using JtaPlatform implementation: [org.hibernate.engine.transaction.jta.platform.internal.NoJtaPlatform]
2023-07-06T17:09:44.566-05:00  INFO 1776 --- [           main] j.LocalContainerEntityManagerFactoryBean : Initialized JPA EntityManagerFactory for persistence unit 'default'
2023-07-06T17:09:44.877-05:00  INFO 1776 --- [           main] o.s.d.j.r.query.QueryEnhancerFactory     : Hibernate is in classpath; If applicable, HQL parser will be used.
2023-07-06T17:09:45.376-05:00  WARN 1776 --- [           main] JpaBaseConfiguration$JpaWebConfiguration : spring.jpa.open-in-view is enabled by default. Therefore, database queries may be performed during view rendering. Explicitly configure spring.jpa.open-in-view to disable this warning
2023-07-06T17:09:45.766-05:00  INFO 1776 --- [           main] o.s.b.a.h2.H2ConsoleAutoConfiguration    : H2 console available at '/h2-console'. Database available at 'jdbc:h2:mem:testdb'
2023-07-06T17:09:45.815-05:00  INFO 1776 --- [           main] c.backend.prueba.PruebaApplicationTests  : Started PruebaApplicationTests in 3.886 seconds (process running for 4.915)
]]></system-out>
  </testcase>
</testsuite>